<?xml version="1.0" encoding="UTF-8"?>
<!-- Generated by org.testng.reporters.JUnitReportReporter -->
<testsuite skipped="0" hostname="CSPC202" name="Tests.Testforgotpassword" tests="4" failures="0" timestamp="10 Jul 2019 08:01:57 GMT" time="69.404" errors="0">
  <testcase name="testForgotPasswordLinkWorking" time="17.028" classname="Tests.Testforgotpassword"/>
  <testcase name="testForgotPasswordWithoutEmail" time="15.227" classname="Tests.Testforgotpassword"/>
  <testcase name="testForgotPasswordWithInvalidEmail" time="16.149" classname="Tests.Testforgotpassword"/>
  <testcase name="testForgotPasswordWithValidEmail" time="21.000" classname="Tests.Testforgotpassword"/>
</testsuite> <!-- Tests.Testforgotpassword -->
