<?xml version="1.0" encoding="UTF-8"?>
<!-- Generated by org.testng.reporters.JUnitReportReporter -->
<testsuite skipped="0" hostname="CSPC202" name="Tests.Testlogin" tests="6" failures="0" timestamp="10 Jul 2019 08:01:57 GMT" time="125.069" errors="0">
  <testcase name="testLoginWithoutDetails" time="19.199" classname="Tests.Testlogin"/>
  <testcase name="testLoginWithoutEmail" time="21.824" classname="Tests.Testlogin"/>
  <testcase name="testLoginWithoutPassword" time="15.477" classname="Tests.Testlogin"/>
  <testcase name="testLoginWithInvalidEmail" time="25.349" classname="Tests.Testlogin"/>
  <testcase name="testLoginWithInvalidPassword" time="18.814" classname="Tests.Testlogin"/>
  <testcase name="testLoginWithValidDetails" time="24.406" classname="Tests.Testlogin"/>
</testsuite> <!-- Tests.Testlogin -->
